Determining if the include file pthread.h exists passed with the following output:
Change Dir: /home/marvin/hello/C/SAP/Server/CMakeFiles/CMakeTmp

Run Build Command(s):/bin/gmake cmTC_6ae2f/fast && /bin/gmake  -f CMakeFiles/cmTC_6ae2f.dir/build.make CMakeFiles/cmTC_6ae2f.dir/build
gmake[1]: Entering directory '/home/marvin/hello/C/SAP/Server/CMakeFiles/CMakeTmp'
Building C object CMakeFiles/cmTC_6ae2f.dir/CheckIncludeFile.c.o
/usr/bin/gcc    -o CMakeFiles/cmTC_6ae2f.dir/CheckIncludeFile.c.o -c /home/marvin/hello/C/SAP/Server/CMakeFiles/CMakeTmp/CheckIncludeFile.c
Linking C executable cmTC_6ae2f
/usr/bin/cmake -E cmake_link_script CMakeFiles/cmTC_6ae2f.dir/link.txt --verbose=1
/usr/bin/gcc CMakeFiles/cmTC_6ae2f.dir/CheckIncludeFile.c.o -o cmTC_6ae2f 
gmake[1]: Leaving directory '/home/marvin/hello/C/SAP/Server/CMakeFiles/CMakeTmp'



Determining if the include file pthread.h exists passed with the following output:
Change Dir: /home/marvin/hello/C/SAP/Server/CMakeFiles/CMakeTmp

Run Build Command(s):/bin/gmake cmTC_5c0f9/fast && /bin/gmake  -f CMakeFiles/cmTC_5c0f9.dir/build.make CMakeFiles/cmTC_5c0f9.dir/build
gmake[1]: Entering directory '/home/marvin/hello/C/SAP/Server/CMakeFiles/CMakeTmp'
Building C object CMakeFiles/cmTC_5c0f9.dir/CheckIncludeFile.c.o
/usr/bin/gcc    -o CMakeFiles/cmTC_5c0f9.dir/CheckIncludeFile.c.o -c /home/marvin/hello/C/SAP/Server/CMakeFiles/CMakeTmp/CheckIncludeFile.c
Linking C executable cmTC_5c0f9
/usr/bin/cmake -E cmake_link_script CMakeFiles/cmTC_5c0f9.dir/link.txt --verbose=1
/usr/bin/gcc CMakeFiles/cmTC_5c0f9.dir/CheckIncludeFile.c.o -o cmTC_5c0f9 
gmake[1]: Leaving directory '/home/marvin/hello/C/SAP/Server/CMakeFiles/CMakeTmp'



Determining if the include file pthread.h exists passed with the following output:
Change Dir: /home/marvin/hello/C/SAP/Server/CMakeFiles/CMakeTmp

Run Build Command(s):/bin/gmake cmTC_7df8b/fast && /bin/gmake  -f CMakeFiles/cmTC_7df8b.dir/build.make CMakeFiles/cmTC_7df8b.dir/build
gmake[1]: Entering directory '/home/marvin/hello/C/SAP/Server/CMakeFiles/CMakeTmp'
Building C object CMakeFiles/cmTC_7df8b.dir/CheckIncludeFile.c.o
/usr/bin/gcc    -o CMakeFiles/cmTC_7df8b.dir/CheckIncludeFile.c.o -c /home/marvin/hello/C/SAP/Server/CMakeFiles/CMakeTmp/CheckIncludeFile.c
Linking C executable cmTC_7df8b
/usr/bin/cmake -E cmake_link_script CMakeFiles/cmTC_7df8b.dir/link.txt --verbose=1
/usr/bin/gcc CMakeFiles/cmTC_7df8b.dir/CheckIncludeFile.c.o -o cmTC_7df8b 
gmake[1]: Leaving directory '/home/marvin/hello/C/SAP/Server/CMakeFiles/CMakeTmp'



Determining if the include file pthread.h exists passed with the following output:
Change Dir: /home/marvin/hello/C/SAP/Server/CMakeFiles/CMakeTmp

Run Build Command(s):/bin/gmake cmTC_ee120/fast && /bin/gmake  -f CMakeFiles/cmTC_ee120.dir/build.make CMakeFiles/cmTC_ee120.dir/build
gmake[1]: Entering directory '/home/marvin/hello/C/SAP/Server/CMakeFiles/CMakeTmp'
Building C object CMakeFiles/cmTC_ee120.dir/CheckIncludeFile.c.o
/usr/bin/gcc    -o CMakeFiles/cmTC_ee120.dir/CheckIncludeFile.c.o -c /home/marvin/hello/C/SAP/Server/CMakeFiles/CMakeTmp/CheckIncludeFile.c
Linking C executable cmTC_ee120
/usr/bin/cmake -E cmake_link_script CMakeFiles/cmTC_ee120.dir/link.txt --verbose=1
/usr/bin/gcc CMakeFiles/cmTC_ee120.dir/CheckIncludeFile.c.o -o cmTC_ee120 
gmake[1]: Leaving directory '/home/marvin/hello/C/SAP/Server/CMakeFiles/CMakeTmp'



Determining if the include file pthread.h exists passed with the following output:
Change Dir: /home/marvin/hello/C/SAP/Server/CMakeFiles/CMakeTmp

Run Build Command(s):/bin/gmake cmTC_8c43f/fast && /bin/gmake  -f CMakeFiles/cmTC_8c43f.dir/build.make CMakeFiles/cmTC_8c43f.dir/build
gmake[1]: Entering directory '/home/marvin/hello/C/SAP/Server/CMakeFiles/CMakeTmp'
Building C object CMakeFiles/cmTC_8c43f.dir/CheckIncludeFile.c.o
/usr/bin/gcc    -o CMakeFiles/cmTC_8c43f.dir/CheckIncludeFile.c.o -c /home/marvin/hello/C/SAP/Server/CMakeFiles/CMakeTmp/CheckIncludeFile.c
Linking C executable cmTC_8c43f
/usr/bin/cmake -E cmake_link_script CMakeFiles/cmTC_8c43f.dir/link.txt --verbose=1
/usr/bin/gcc CMakeFiles/cmTC_8c43f.dir/CheckIncludeFile.c.o -o cmTC_8c43f 
gmake[1]: Leaving directory '/home/marvin/hello/C/SAP/Server/CMakeFiles/CMakeTmp'



