Determining if the include file pthread.h exists passed with the following output:
Change Dir: /home/rebecca/hello/C++/SAP/bin/CMakeFiles/CMakeTmp

Run Build Command(s):/home/rebecca/Qt/Tools/Ninja/ninja cmTC_57cbb && [1/2] Building CXX object CMakeFiles/cmTC_57cbb.dir/CheckIncludeFile.cxx.o
[2/2] Linking CXX executable cmTC_57cbb



Performing C++ SOURCE FILE Test HAVE_STDATOMIC succeeded with the following output:
Change Dir: /home/rebecca/hello/C++/SAP/bin/CMakeFiles/CMakeTmp

Run Build Command(s):/home/rebecca/Qt/Tools/Ninja/ninja cmTC_3f833 && [1/2] Building CXX object CMakeFiles/cmTC_3f833.dir/src.cxx.o
[2/2] Linking CXX executable cmTC_3f833


Source file was:
#include <atomic>
#include <cstdint>

void test(volatile std::atomic<std::int64_t> &a)
{
    std::int64_t v = a.load(std::memory_order_acquire);
    while (!a.compare_exchange_strong(v, v + 1,
                                      std::memory_order_acq_rel,
                                      std::memory_order_acquire)) {
        v = a.exchange(v - 1);
    }
    a.store(v + 1, std::memory_order_release);
}

int main(int, char **)
{
    void *ptr = (void*)0xffffffc0; // any random pointer
    test(*reinterpret_cast<std::atomic<std::int64_t> *>(ptr));
    return 0;
}
Performing C++ SOURCE FILE Test HAVE_EGL succeeded with the following output:
Change Dir: /home/rebecca/hello/C++/SAP/bin/CMakeFiles/CMakeTmp

Run Build Command(s):/home/rebecca/Qt/Tools/Ninja/ninja cmTC_9326e && [1/2] Building CXX object CMakeFiles/cmTC_9326e.dir/src.cxx.o
[2/2] Linking CXX executable cmTC_9326e


Source file was:

#include <EGL/egl.h>

int main(int argc, char *argv[]) {
    EGLint x = 0; EGLDisplay dpy = 0; EGLContext ctx = 0;
    eglDestroyContext(dpy, ctx);
}
Performing C++ SOURCE FILE Test HAVE_GLESv2 succeeded with the following output:
Change Dir: /home/rebecca/hello/C++/SAP/bin/CMakeFiles/CMakeTmp

Run Build Command(s):/home/rebecca/Qt/Tools/Ninja/ninja cmTC_1be20 && [1/2] Building CXX object CMakeFiles/cmTC_1be20.dir/src.cxx.o
[2/2] Linking CXX executable cmTC_1be20


Source file was:

#ifdef __APPLE__
#  include <OpenGLES/ES2/gl.h>
#else
#  define GL_GLEXT_PROTOTYPES
#  include <GLES2/gl2.h>
#endif

int main(int argc, char *argv[]) {
    glUniform1f(1, GLfloat(1.0));
    glClear(GL_COLOR_BUFFER_BIT);
}
Determining if the include file pthread.h exists passed with the following output:
Change Dir: /home/rebecca/hello/C++/SAP/bin/CMakeFiles/CMakeTmp

Run Build Command(s):/home/rebecca/Qt/Tools/Ninja/ninja cmTC_d0ae2 && [1/2] Building CXX object CMakeFiles/cmTC_d0ae2.dir/CheckIncludeFile.cxx.o
[2/2] Linking CXX executable cmTC_d0ae2



Performing C++ SOURCE FILE Test HAVE_STDATOMIC succeeded with the following output:
Change Dir: /home/rebecca/hello/C++/SAP/bin/CMakeFiles/CMakeTmp

Run Build Command(s):/home/rebecca/Qt/Tools/Ninja/ninja cmTC_2ebe6 && [1/2] Building CXX object CMakeFiles/cmTC_2ebe6.dir/src.cxx.o
[2/2] Linking CXX executable cmTC_2ebe6


Source file was:
#include <atomic>
#include <cstdint>

void test(volatile std::atomic<std::int64_t> &a)
{
    std::int64_t v = a.load(std::memory_order_acquire);
    while (!a.compare_exchange_strong(v, v + 1,
                                      std::memory_order_acq_rel,
                                      std::memory_order_acquire)) {
        v = a.exchange(v - 1);
    }
    a.store(v + 1, std::memory_order_release);
}

int main(int, char **)
{
    void *ptr = (void*)0xffffffc0; // any random pointer
    test(*reinterpret_cast<std::atomic<std::int64_t> *>(ptr));
    return 0;
}
Performing C++ SOURCE FILE Test HAVE_EGL succeeded with the following output:
Change Dir: /home/rebecca/hello/C++/SAP/bin/CMakeFiles/CMakeTmp

Run Build Command(s):/home/rebecca/Qt/Tools/Ninja/ninja cmTC_159e1 && [1/2] Building CXX object CMakeFiles/cmTC_159e1.dir/src.cxx.o
[2/2] Linking CXX executable cmTC_159e1


Source file was:

#include <EGL/egl.h>

int main(int argc, char *argv[]) {
    EGLint x = 0; EGLDisplay dpy = 0; EGLContext ctx = 0;
    eglDestroyContext(dpy, ctx);
}
Performing C++ SOURCE FILE Test HAVE_GLESv2 succeeded with the following output:
Change Dir: /home/rebecca/hello/C++/SAP/bin/CMakeFiles/CMakeTmp

Run Build Command(s):/home/rebecca/Qt/Tools/Ninja/ninja cmTC_a52a8 && [1/2] Building CXX object CMakeFiles/cmTC_a52a8.dir/src.cxx.o
[2/2] Linking CXX executable cmTC_a52a8


Source file was:

#ifdef __APPLE__
#  include <OpenGLES/ES2/gl.h>
#else
#  define GL_GLEXT_PROTOTYPES
#  include <GLES2/gl2.h>
#endif

int main(int argc, char *argv[]) {
    glUniform1f(1, GLfloat(1.0));
    glClear(GL_COLOR_BUFFER_BIT);
}
