Performing C++ SOURCE FILE Test CMAKE_HAVE_LIBC_PTHREAD failed with the following output:
Change Dir: /home/rebecca/hello/C++/SAP/bin/CMakeFiles/CMakeTmp

Run Build Command(s):/home/rebecca/Qt/Tools/Ninja/ninja cmTC_8420c && [1/2] Building CXX object CMakeFiles/cmTC_8420c.dir/src.cxx.o
FAILED: CMakeFiles/cmTC_8420c.dir/src.cxx.o 
/home/rebecca/Android/Sdk/ndk/21.3.6528147/toolchains/llvm/prebuilt/linux-x86_64/bin/clang++ --target=aarch64-none-linux-android21 --gcc-toolchain=/home/rebecca/Android/Sdk/ndk/21.3.6528147/toolchains/llvm/prebuilt/linux-x86_64 --sysroot=/home/rebecca/Android/Sdk/ndk/21.3.6528147/toolchains/llvm/prebuilt/linux-x86_64/sysroot -DCMAKE_HAVE_LIBC_PTHREAD  -g -DANDROID -fdata-sections -ffunction-sections -funwind-tables -fstack-protector-strong -no-canonical-prefixes -D_FORTIFY_SOURCE=2 -Wformat -Werror=format-security    -fPIE -std=gnu++11 -MD -MT CMakeFiles/cmTC_8420c.dir/src.cxx.o -MF CMakeFiles/cmTC_8420c.dir/src.cxx.o.d -o CMakeFiles/cmTC_8420c.dir/src.cxx.o -c src.cxx
src.cxx:13:3: error: use of undeclared identifier 'pthread_cancel'
  pthread_cancel(thread);
  ^
1 error generated.
ninja: build stopped: subcommand failed.


Source file was:
#include <pthread.h>

static void* test_func(void* data)
{
  return data;
}

int main(void)
{
  pthread_t thread;
  pthread_create(&thread, NULL, test_func, NULL);
  pthread_detach(thread);
  pthread_cancel(thread);
  pthread_join(thread, NULL);
  pthread_atfork(NULL, NULL, NULL);
  pthread_exit(NULL);

  return 0;
}

Performing C++ SOURCE FILE Test CMAKE_HAVE_LIBC_PTHREAD failed with the following output:
Change Dir: /home/rebecca/hello/C++/SAP/bin/CMakeFiles/CMakeTmp

Run Build Command(s):/home/rebecca/Qt/Tools/Ninja/ninja cmTC_79b5d && [1/2] Building CXX object CMakeFiles/cmTC_79b5d.dir/src.cxx.o
FAILED: CMakeFiles/cmTC_79b5d.dir/src.cxx.o 
/home/rebecca/Android/Sdk/ndk/21.3.6528147/toolchains/llvm/prebuilt/linux-x86_64/bin/clang++ --target=aarch64-none-linux-android21 --gcc-toolchain=/home/rebecca/Android/Sdk/ndk/21.3.6528147/toolchains/llvm/prebuilt/linux-x86_64 --sysroot=/home/rebecca/Android/Sdk/ndk/21.3.6528147/toolchains/llvm/prebuilt/linux-x86_64/sysroot -DCMAKE_HAVE_LIBC_PTHREAD  -g -DANDROID -fdata-sections -ffunction-sections -funwind-tables -fstack-protector-strong -no-canonical-prefixes -D_FORTIFY_SOURCE=2 -Wformat -Werror=format-security    -fPIE -std=gnu++11 -MD -MT CMakeFiles/cmTC_79b5d.dir/src.cxx.o -MF CMakeFiles/cmTC_79b5d.dir/src.cxx.o.d -o CMakeFiles/cmTC_79b5d.dir/src.cxx.o -c src.cxx
src.cxx:13:3: error: use of undeclared identifier 'pthread_cancel'
  pthread_cancel(thread);
  ^
1 error generated.
ninja: build stopped: subcommand failed.


Source file was:
#include <pthread.h>

static void* test_func(void* data)
{
  return data;
}

int main(void)
{
  pthread_t thread;
  pthread_create(&thread, NULL, test_func, NULL);
  pthread_detach(thread);
  pthread_cancel(thread);
  pthread_join(thread, NULL);
  pthread_atfork(NULL, NULL, NULL);
  pthread_exit(NULL);

  return 0;
}

