Determining if the include file pthread.h exists passed with the following output:
Change Dir: /home/marvin/hello/C/SAP/Desktop/CMakeFiles/CMakeTmp

Run Build Command(s):/bin/gmake cmTC_38ea5/fast && gmake[1]: Entering directory '/home/marvin/hello/C/SAP/Desktop/CMakeFiles/CMakeTmp'
/bin/gmake  -f CMakeFiles/cmTC_38ea5.dir/build.make CMakeFiles/cmTC_38ea5.dir/build
gmake[2]: Entering directory '/home/marvin/hello/C/SAP/Desktop/CMakeFiles/CMakeTmp'
Building C object CMakeFiles/cmTC_38ea5.dir/CheckIncludeFile.c.o
/usr/bin/gcc    -o CMakeFiles/cmTC_38ea5.dir/CheckIncludeFile.c.o -c /home/marvin/hello/C/SAP/Desktop/CMakeFiles/CMakeTmp/CheckIncludeFile.c
Linking C executable cmTC_38ea5
/usr/bin/cmake -E cmake_link_script CMakeFiles/cmTC_38ea5.dir/link.txt --verbose=1
/usr/bin/gcc CMakeFiles/cmTC_38ea5.dir/CheckIncludeFile.c.o -o cmTC_38ea5 
gmake[2]: Leaving directory '/home/marvin/hello/C/SAP/Desktop/CMakeFiles/CMakeTmp'
gmake[1]: Leaving directory '/home/marvin/hello/C/SAP/Desktop/CMakeFiles/CMakeTmp'



Determining if the include file pthread.h exists passed with the following output:
Change Dir: /home/marvin/hello/C/SAP/Desktop/CMakeFiles/CMakeTmp

Run Build Command(s):/bin/gmake cmTC_74d29/fast && gmake[1]: Entering directory '/home/marvin/hello/C/SAP/Desktop/CMakeFiles/CMakeTmp'
/bin/gmake  -f CMakeFiles/cmTC_74d29.dir/build.make CMakeFiles/cmTC_74d29.dir/build
gmake[2]: Entering directory '/home/marvin/hello/C/SAP/Desktop/CMakeFiles/CMakeTmp'
Building C object CMakeFiles/cmTC_74d29.dir/CheckIncludeFile.c.o
/usr/bin/gcc    -o CMakeFiles/cmTC_74d29.dir/CheckIncludeFile.c.o -c /home/marvin/hello/C/SAP/Desktop/CMakeFiles/CMakeTmp/CheckIncludeFile.c
Linking C executable cmTC_74d29
/usr/bin/cmake -E cmake_link_script CMakeFiles/cmTC_74d29.dir/link.txt --verbose=1
/usr/bin/gcc CMakeFiles/cmTC_74d29.dir/CheckIncludeFile.c.o -o cmTC_74d29 
gmake[2]: Leaving directory '/home/marvin/hello/C/SAP/Desktop/CMakeFiles/CMakeTmp'
gmake[1]: Leaving directory '/home/marvin/hello/C/SAP/Desktop/CMakeFiles/CMakeTmp'



Determining if the include file pthread.h exists passed with the following output:
Change Dir: /home/marvin/hello/C/SAP/Desktop/CMakeFiles/CMakeTmp

Run Build Command(s):/bin/gmake cmTC_7db61/fast && gmake[1]: Entering directory '/home/marvin/hello/C/SAP/Desktop/CMakeFiles/CMakeTmp'
/bin/gmake  -f CMakeFiles/cmTC_7db61.dir/build.make CMakeFiles/cmTC_7db61.dir/build
gmake[2]: Entering directory '/home/marvin/hello/C/SAP/Desktop/CMakeFiles/CMakeTmp'
Building C object CMakeFiles/cmTC_7db61.dir/CheckIncludeFile.c.o
/usr/bin/gcc    -o CMakeFiles/cmTC_7db61.dir/CheckIncludeFile.c.o -c /home/marvin/hello/C/SAP/Desktop/CMakeFiles/CMakeTmp/CheckIncludeFile.c
Linking C executable cmTC_7db61
/usr/bin/cmake -E cmake_link_script CMakeFiles/cmTC_7db61.dir/link.txt --verbose=1
/usr/bin/gcc CMakeFiles/cmTC_7db61.dir/CheckIncludeFile.c.o -o cmTC_7db61 
gmake[2]: Leaving directory '/home/marvin/hello/C/SAP/Desktop/CMakeFiles/CMakeTmp'
gmake[1]: Leaving directory '/home/marvin/hello/C/SAP/Desktop/CMakeFiles/CMakeTmp'



Determining if the include file pthread.h exists passed with the following output:
Change Dir: /home/marvin/hello/C/SAP/Desktop/CMakeFiles/CMakeTmp

Run Build Command(s):/bin/gmake cmTC_9047b/fast && /bin/gmake  -f CMakeFiles/cmTC_9047b.dir/build.make CMakeFiles/cmTC_9047b.dir/build
gmake[1]: Entering directory '/home/marvin/hello/C/SAP/Desktop/CMakeFiles/CMakeTmp'
Building C object CMakeFiles/cmTC_9047b.dir/CheckIncludeFile.c.o
/usr/bin/gcc    -o CMakeFiles/cmTC_9047b.dir/CheckIncludeFile.c.o -c /home/marvin/hello/C/SAP/Desktop/CMakeFiles/CMakeTmp/CheckIncludeFile.c
Linking C executable cmTC_9047b
/usr/bin/cmake -E cmake_link_script CMakeFiles/cmTC_9047b.dir/link.txt --verbose=1
/usr/bin/gcc CMakeFiles/cmTC_9047b.dir/CheckIncludeFile.c.o -o cmTC_9047b 
gmake[1]: Leaving directory '/home/marvin/hello/C/SAP/Desktop/CMakeFiles/CMakeTmp'



Determining if the include file pthread.h exists passed with the following output:
Change Dir: /home/marvin/hello/C/SAP/Desktop/CMakeFiles/CMakeTmp

Run Build Command(s):/bin/gmake cmTC_a23c6/fast && /bin/gmake  -f CMakeFiles/cmTC_a23c6.dir/build.make CMakeFiles/cmTC_a23c6.dir/build
gmake[1]: Entering directory '/home/marvin/hello/C/SAP/Desktop/CMakeFiles/CMakeTmp'
Building C object CMakeFiles/cmTC_a23c6.dir/CheckIncludeFile.c.o
/usr/bin/gcc    -o CMakeFiles/cmTC_a23c6.dir/CheckIncludeFile.c.o -c /home/marvin/hello/C/SAP/Desktop/CMakeFiles/CMakeTmp/CheckIncludeFile.c
Linking C executable cmTC_a23c6
/usr/bin/cmake -E cmake_link_script CMakeFiles/cmTC_a23c6.dir/link.txt --verbose=1
/usr/bin/gcc CMakeFiles/cmTC_a23c6.dir/CheckIncludeFile.c.o -o cmTC_a23c6 
gmake[1]: Leaving directory '/home/marvin/hello/C/SAP/Desktop/CMakeFiles/CMakeTmp'



Determining if the include file pthread.h exists passed with the following output:
Change Dir: /home/marvin/hello/C/SAP/Desktop/CMakeFiles/CMakeTmp

Run Build Command(s):/usr/bin/gmake cmTC_c91e5/fast && /usr/bin/gmake  -f CMakeFiles/cmTC_c91e5.dir/build.make CMakeFiles/cmTC_c91e5.dir/build
gmake[1]: Entering directory '/home/marvin/hello/C/SAP/Desktop/CMakeFiles/CMakeTmp'
Building C object CMakeFiles/cmTC_c91e5.dir/CheckIncludeFile.c.o
/bin/clang    -o CMakeFiles/cmTC_c91e5.dir/CheckIncludeFile.c.o -c /home/marvin/hello/C/SAP/Desktop/CMakeFiles/CMakeTmp/CheckIncludeFile.c
Linking C executable cmTC_c91e5
/usr/bin/cmake -E cmake_link_script CMakeFiles/cmTC_c91e5.dir/link.txt --verbose=1
/bin/clang CMakeFiles/cmTC_c91e5.dir/CheckIncludeFile.c.o -o cmTC_c91e5 
gmake[1]: Leaving directory '/home/marvin/hello/C/SAP/Desktop/CMakeFiles/CMakeTmp'



