Performing C SOURCE FILE Test CMAKE_HAVE_LIBC_PTHREAD failed with the following output:
Change Dir: /home/marvin/hello/C/SAP/Desktop/CMakeFiles/CMakeTmp

Run Build Command(s):/bin/gmake cmTC_c7599/fast && gmake[1]: Entering directory '/home/marvin/hello/C/SAP/Desktop/CMakeFiles/CMakeTmp'
/bin/gmake  -f CMakeFiles/cmTC_c7599.dir/build.make CMakeFiles/cmTC_c7599.dir/build
gmake[2]: Entering directory '/home/marvin/hello/C/SAP/Desktop/CMakeFiles/CMakeTmp'
Building C object CMakeFiles/cmTC_c7599.dir/src.c.o
/usr/bin/gcc -DCMAKE_HAVE_LIBC_PTHREAD   -o CMakeFiles/cmTC_c7599.dir/src.c.o -c /home/marvin/hello/C/SAP/Desktop/CMakeFiles/CMakeTmp/src.c
Linking C executable cmTC_c7599
/usr/bin/cmake -E cmake_link_script CMakeFiles/cmTC_c7599.dir/link.txt --verbose=1
/usr/bin/gcc CMakeFiles/cmTC_c7599.dir/src.c.o -o cmTC_c7599 
/bin/ld: CMakeFiles/cmTC_c7599.dir/src.c.o: in function `main':
src.c:(.text+0x34): undefined reference to `pthread_create'
/bin/ld: src.c:(.text+0x3c): undefined reference to `pthread_detach'
/bin/ld: src.c:(.text+0x44): undefined reference to `pthread_cancel'
/bin/ld: src.c:(.text+0x50): undefined reference to `pthread_join'
collect2: error: ld returned 1 exit status
gmake[2]: *** [CMakeFiles/cmTC_c7599.dir/build.make:106: cmTC_c7599] Error 1
gmake[2]: Leaving directory '/home/marvin/hello/C/SAP/Desktop/CMakeFiles/CMakeTmp'
gmake[1]: *** [Makefile:140: cmTC_c7599/fast] Error 2
gmake[1]: Leaving directory '/home/marvin/hello/C/SAP/Desktop/CMakeFiles/CMakeTmp'


Source file was:
#include <pthread.h>

static void* test_func(void* data)
{
  return data;
}

int main(void)
{
  pthread_t thread;
  pthread_create(&thread, NULL, test_func, NULL);
  pthread_detach(thread);
  pthread_cancel(thread);
  pthread_join(thread, NULL);
  pthread_atfork(NULL, NULL, NULL);
  pthread_exit(NULL);

  return 0;
}

Performing C SOURCE FILE Test CMAKE_HAVE_LIBC_PTHREAD failed with the following output:
Change Dir: /home/marvin/hello/C/SAP/Desktop/CMakeFiles/CMakeTmp

Run Build Command(s):/bin/gmake cmTC_2ccbe/fast && gmake[1]: Entering directory '/home/marvin/hello/C/SAP/Desktop/CMakeFiles/CMakeTmp'
/bin/gmake  -f CMakeFiles/cmTC_2ccbe.dir/build.make CMakeFiles/cmTC_2ccbe.dir/build
gmake[2]: Entering directory '/home/marvin/hello/C/SAP/Desktop/CMakeFiles/CMakeTmp'
Building C object CMakeFiles/cmTC_2ccbe.dir/src.c.o
/usr/bin/gcc -DCMAKE_HAVE_LIBC_PTHREAD   -o CMakeFiles/cmTC_2ccbe.dir/src.c.o -c /home/marvin/hello/C/SAP/Desktop/CMakeFiles/CMakeTmp/src.c
Linking C executable cmTC_2ccbe
/usr/bin/cmake -E cmake_link_script CMakeFiles/cmTC_2ccbe.dir/link.txt --verbose=1
/usr/bin/gcc CMakeFiles/cmTC_2ccbe.dir/src.c.o -o cmTC_2ccbe 
/bin/ld: CMakeFiles/cmTC_2ccbe.dir/src.c.o: in function `main':
src.c:(.text+0x34): undefined reference to `pthread_create'
/bin/ld: src.c:(.text+0x3c): undefined reference to `pthread_detach'
/bin/ld: src.c:(.text+0x44): undefined reference to `pthread_cancel'
/bin/ld: src.c:(.text+0x50): undefined reference to `pthread_join'
collect2: error: ld returned 1 exit status
gmake[2]: *** [CMakeFiles/cmTC_2ccbe.dir/build.make:106: cmTC_2ccbe] Error 1
gmake[2]: Leaving directory '/home/marvin/hello/C/SAP/Desktop/CMakeFiles/CMakeTmp'
gmake[1]: *** [Makefile:140: cmTC_2ccbe/fast] Error 2
gmake[1]: Leaving directory '/home/marvin/hello/C/SAP/Desktop/CMakeFiles/CMakeTmp'


Source file was:
#include <pthread.h>

static void* test_func(void* data)
{
  return data;
}

int main(void)
{
  pthread_t thread;
  pthread_create(&thread, NULL, test_func, NULL);
  pthread_detach(thread);
  pthread_cancel(thread);
  pthread_join(thread, NULL);
  pthread_atfork(NULL, NULL, NULL);
  pthread_exit(NULL);

  return 0;
}

Performing C SOURCE FILE Test CMAKE_HAVE_LIBC_PTHREAD failed with the following output:
Change Dir: /home/marvin/hello/C/SAP/Desktop/CMakeFiles/CMakeTmp

Run Build Command(s):/bin/gmake cmTC_1e926/fast && gmake[1]: Entering directory '/home/marvin/hello/C/SAP/Desktop/CMakeFiles/CMakeTmp'
/bin/gmake  -f CMakeFiles/cmTC_1e926.dir/build.make CMakeFiles/cmTC_1e926.dir/build
gmake[2]: Entering directory '/home/marvin/hello/C/SAP/Desktop/CMakeFiles/CMakeTmp'
Building C object CMakeFiles/cmTC_1e926.dir/src.c.o
/usr/bin/gcc -DCMAKE_HAVE_LIBC_PTHREAD   -o CMakeFiles/cmTC_1e926.dir/src.c.o -c /home/marvin/hello/C/SAP/Desktop/CMakeFiles/CMakeTmp/src.c
Linking C executable cmTC_1e926
/usr/bin/cmake -E cmake_link_script CMakeFiles/cmTC_1e926.dir/link.txt --verbose=1
/usr/bin/gcc CMakeFiles/cmTC_1e926.dir/src.c.o -o cmTC_1e926 
/bin/ld: CMakeFiles/cmTC_1e926.dir/src.c.o: in function `main':
src.c:(.text+0x34): undefined reference to `pthread_create'
/bin/ld: src.c:(.text+0x3c): undefined reference to `pthread_detach'
/bin/ld: src.c:(.text+0x44): undefined reference to `pthread_cancel'
/bin/ld: src.c:(.text+0x50): undefined reference to `pthread_join'
collect2: error: ld returned 1 exit status
gmake[2]: *** [CMakeFiles/cmTC_1e926.dir/build.make:106: cmTC_1e926] Error 1
gmake[2]: Leaving directory '/home/marvin/hello/C/SAP/Desktop/CMakeFiles/CMakeTmp'
gmake[1]: *** [Makefile:140: cmTC_1e926/fast] Error 2
gmake[1]: Leaving directory '/home/marvin/hello/C/SAP/Desktop/CMakeFiles/CMakeTmp'


Source file was:
#include <pthread.h>

static void* test_func(void* data)
{
  return data;
}

int main(void)
{
  pthread_t thread;
  pthread_create(&thread, NULL, test_func, NULL);
  pthread_detach(thread);
  pthread_cancel(thread);
  pthread_join(thread, NULL);
  pthread_atfork(NULL, NULL, NULL);
  pthread_exit(NULL);

  return 0;
}

Performing C SOURCE FILE Test CMAKE_HAVE_LIBC_PTHREAD failed with the following output:
Change Dir: /home/marvin/hello/C/SAP/Desktop/CMakeFiles/CMakeTmp

Run Build Command(s):/bin/gmake cmTC_f4591/fast && /bin/gmake  -f CMakeFiles/cmTC_f4591.dir/build.make CMakeFiles/cmTC_f4591.dir/build
gmake[1]: Entering directory '/home/marvin/hello/C/SAP/Desktop/CMakeFiles/CMakeTmp'
Building C object CMakeFiles/cmTC_f4591.dir/src.c.o
/usr/bin/gcc -DCMAKE_HAVE_LIBC_PTHREAD   -o CMakeFiles/cmTC_f4591.dir/src.c.o -c /home/marvin/hello/C/SAP/Desktop/CMakeFiles/CMakeTmp/src.c
Linking C executable cmTC_f4591
/usr/bin/cmake -E cmake_link_script CMakeFiles/cmTC_f4591.dir/link.txt --verbose=1
/usr/bin/gcc CMakeFiles/cmTC_f4591.dir/src.c.o -o cmTC_f4591 
/bin/ld: CMakeFiles/cmTC_f4591.dir/src.c.o: in function `main':
src.c:(.text+0x34): undefined reference to `pthread_create'
/bin/ld: src.c:(.text+0x3c): undefined reference to `pthread_detach'
/bin/ld: src.c:(.text+0x44): undefined reference to `pthread_cancel'
/bin/ld: src.c:(.text+0x50): undefined reference to `pthread_join'
collect2: error: ld returned 1 exit status
gmake[1]: *** [CMakeFiles/cmTC_f4591.dir/build.make:106: cmTC_f4591] Error 1
gmake[1]: Leaving directory '/home/marvin/hello/C/SAP/Desktop/CMakeFiles/CMakeTmp'
gmake: *** [Makefile:140: cmTC_f4591/fast] Error 2


Source file was:
#include <pthread.h>

static void* test_func(void* data)
{
  return data;
}

int main(void)
{
  pthread_t thread;
  pthread_create(&thread, NULL, test_func, NULL);
  pthread_detach(thread);
  pthread_cancel(thread);
  pthread_join(thread, NULL);
  pthread_atfork(NULL, NULL, NULL);
  pthread_exit(NULL);

  return 0;
}

Performing C SOURCE FILE Test CMAKE_HAVE_LIBC_PTHREAD failed with the following output:
Change Dir: /home/marvin/hello/C/SAP/Desktop/CMakeFiles/CMakeTmp

Run Build Command(s):/bin/gmake cmTC_db287/fast && /bin/gmake  -f CMakeFiles/cmTC_db287.dir/build.make CMakeFiles/cmTC_db287.dir/build
gmake[1]: Entering directory '/home/marvin/hello/C/SAP/Desktop/CMakeFiles/CMakeTmp'
Building C object CMakeFiles/cmTC_db287.dir/src.c.o
/usr/bin/gcc -DCMAKE_HAVE_LIBC_PTHREAD   -o CMakeFiles/cmTC_db287.dir/src.c.o -c /home/marvin/hello/C/SAP/Desktop/CMakeFiles/CMakeTmp/src.c
Linking C executable cmTC_db287
/usr/bin/cmake -E cmake_link_script CMakeFiles/cmTC_db287.dir/link.txt --verbose=1
/usr/bin/gcc CMakeFiles/cmTC_db287.dir/src.c.o -o cmTC_db287 
/bin/ld: CMakeFiles/cmTC_db287.dir/src.c.o: in function `main':
src.c:(.text+0x34): undefined reference to `pthread_create'
/bin/ld: src.c:(.text+0x3c): undefined reference to `pthread_detach'
/bin/ld: src.c:(.text+0x44): undefined reference to `pthread_cancel'
/bin/ld: src.c:(.text+0x50): undefined reference to `pthread_join'
collect2: error: ld returned 1 exit status
gmake[1]: *** [CMakeFiles/cmTC_db287.dir/build.make:106: cmTC_db287] Error 1
gmake[1]: Leaving directory '/home/marvin/hello/C/SAP/Desktop/CMakeFiles/CMakeTmp'
gmake: *** [Makefile:140: cmTC_db287/fast] Error 2


Source file was:
#include <pthread.h>

static void* test_func(void* data)
{
  return data;
}

int main(void)
{
  pthread_t thread;
  pthread_create(&thread, NULL, test_func, NULL);
  pthread_detach(thread);
  pthread_cancel(thread);
  pthread_join(thread, NULL);
  pthread_atfork(NULL, NULL, NULL);
  pthread_exit(NULL);

  return 0;
}

Performing C SOURCE FILE Test CMAKE_HAVE_LIBC_PTHREAD failed with the following output:
Change Dir: /home/marvin/hello/C/SAP/Desktop/CMakeFiles/CMakeTmp

Run Build Command(s):/usr/bin/gmake cmTC_56580/fast && /usr/bin/gmake  -f CMakeFiles/cmTC_56580.dir/build.make CMakeFiles/cmTC_56580.dir/build
gmake[1]: Entering directory '/home/marvin/hello/C/SAP/Desktop/CMakeFiles/CMakeTmp'
Building C object CMakeFiles/cmTC_56580.dir/src.c.o
/bin/clang -DCMAKE_HAVE_LIBC_PTHREAD   -o CMakeFiles/cmTC_56580.dir/src.c.o -c /home/marvin/hello/C/SAP/Desktop/CMakeFiles/CMakeTmp/src.c
Linking C executable cmTC_56580
/usr/bin/cmake -E cmake_link_script CMakeFiles/cmTC_56580.dir/link.txt --verbose=1
/bin/clang CMakeFiles/cmTC_56580.dir/src.c.o -o cmTC_56580 
/bin/ld: CMakeFiles/cmTC_56580.dir/src.c.o: in function `main':
src.c:(.text+0x2c): undefined reference to `pthread_create'
/bin/ld: src.c:(.text+0x38): undefined reference to `pthread_detach'
/bin/ld: src.c:(.text+0x44): undefined reference to `pthread_cancel'
/bin/ld: src.c:(.text+0x54): undefined reference to `pthread_join'
clang-11: error: linker command failed with exit code 1 (use -v to see invocation)
gmake[1]: *** [CMakeFiles/cmTC_56580.dir/build.make:106: cmTC_56580] Error 1
gmake[1]: Leaving directory '/home/marvin/hello/C/SAP/Desktop/CMakeFiles/CMakeTmp'
gmake: *** [Makefile:140: cmTC_56580/fast] Error 2


Source file was:
#include <pthread.h>

static void* test_func(void* data)
{
  return data;
}

int main(void)
{
  pthread_t thread;
  pthread_create(&thread, NULL, test_func, NULL);
  pthread_detach(thread);
  pthread_cancel(thread);
  pthread_join(thread, NULL);
  pthread_atfork(NULL, NULL, NULL);
  pthread_exit(NULL);

  return 0;
}

