The system is: Linux - 5.13.9-100.fc33.aarch64 - aarch64
Compiling the C compiler identification source file "CMakeCCompilerId.c" succeeded.
Compiler: /bin/clang 
Build flags: 
Id flags:  

The output was:
0


Compilation of the C compiler identification source "CMakeCCompilerId.c" produced "a.out"

The C compiler identification is Clang, found in "/home/marvin/hello/C/SAP/build-Desktop-Desktop-Debug/CMakeFiles/3.19.7/CompilerIdC/a.out"

Compiling the CXX compiler identification source file "CMakeCXXCompilerId.cpp" succeeded.
Compiler: /bin/clang++ 
Build flags: 
Id flags:  

The output was:
0


Compilation of the CXX compiler identification source "CMakeCXXCompilerId.cpp" produced "a.out"

The CXX compiler identification is Clang, found in "/home/marvin/hello/C/SAP/build-Desktop-Desktop-Debug/CMakeFiles/3.19.7/CompilerIdCXX/a.out"

Detecting C compiler ABI info compiled with the following output:
Change Dir: /home/marvin/hello/C/SAP/build-Desktop-Desktop-Debug/CMakeFiles/CMakeTmp

Run Build Command(s):/usr/bin/gmake cmTC_190cb/fast && /usr/bin/gmake  -f CMakeFiles/cmTC_190cb.dir/build.make CMakeFiles/cmTC_190cb.dir/build
gmake[1]: Entering directory '/home/marvin/hello/C/SAP/build-Desktop-Desktop-Debug/CMakeFiles/CMakeTmp'
Building C object CMakeFiles/cmTC_190cb.dir/CMakeCCompilerABI.c.o
/bin/clang   -v -o CMakeFiles/cmTC_190cb.dir/CMakeCCompilerABI.c.o -c /usr/share/cmake/Modules/CMakeCCompilerABI.c
clang version 11.0.0 (Fedora 11.0.0-3.fc33)
Target: aarch64-unknown-linux-gnu
Thread model: posix
InstalledDir: /bin
Found candidate GCC installation: /bin/../lib/gcc/aarch64-redhat-linux/10
Found candidate GCC installation: /usr/lib/gcc/aarch64-redhat-linux/10
Selected GCC installation: /usr/lib/gcc/aarch64-redhat-linux/10
Candidate multilib: .;@m64
Selected multilib: .;@m64
 (in-process)
 "/usr/bin/clang-11" -cc1 -triple aarch64-unknown-linux-gnu -emit-obj -mrelax-all -disable-free -disable-llvm-verifier -discard-value-names -main-file-name CMakeCCompilerABI.c -mrelocation-model static -mframe-pointer=non-leaf -fmath-errno -fno-rounding-math -mconstructor-aliases -munwind-tables -target-cpu generic -target-feature +neon -target-abi aapcs -fallow-half-arguments-and-returns -fno-split-dwarf-inlining -debugger-tuning=gdb -v -resource-dir /usr/lib64/clang/11.0.0 -internal-isystem /usr/local/include -internal-isystem /usr/lib64/clang/11.0.0/include -internal-externc-isystem /include -internal-externc-isystem /usr/include -fdebug-compilation-dir /home/marvin/hello/C/SAP/build-Desktop-Desktop-Debug/CMakeFiles/CMakeTmp -ferror-limit 19 -fno-signed-char -fgnuc-version=4.2.1 -faddrsig -o CMakeFiles/cmTC_190cb.dir/CMakeCCompilerABI.c.o -x c /usr/share/cmake/Modules/CMakeCCompilerABI.c
clang -cc1 version 11.0.0 based upon LLVM 11.0.0 default target aarch64-unknown-linux-gnu
ignoring nonexistent directory "/include"
#include "..." search starts here:
#include <...> search starts here:
 /usr/local/include
 /usr/lib64/clang/11.0.0/include
 /usr/include
End of search list.
Linking C executable cmTC_190cb
/usr/bin/cmake -E cmake_link_script CMakeFiles/cmTC_190cb.dir/link.txt --verbose=1
/bin/clang  -v CMakeFiles/cmTC_190cb.dir/CMakeCCompilerABI.c.o -o cmTC_190cb 
clang version 11.0.0 (Fedora 11.0.0-3.fc33)
Target: aarch64-unknown-linux-gnu
Thread model: posix
InstalledDir: /bin
Found candidate GCC installation: /bin/../lib/gcc/aarch64-redhat-linux/10
Found candidate GCC installation: /usr/lib/gcc/aarch64-redhat-linux/10
Selected GCC installation: /usr/lib/gcc/aarch64-redhat-linux/10
Candidate multilib: .;@m64
Selected multilib: .;@m64
 "/bin/ld" -EL --hash-style=gnu --build-id --eh-frame-hdr -m aarch64linux -dynamic-linker /lib/ld-linux-aarch64.so.1 -o cmTC_190cb /usr/lib/gcc/aarch64-redhat-linux/10/../../../../lib64/crt1.o /usr/lib/gcc/aarch64-redhat-linux/10/../../../../lib64/crti.o /usr/lib/gcc/aarch64-redhat-linux/10/crtbegin.o -L/usr/lib/gcc/aarch64-redhat-linux/10 -L/usr/lib/gcc/aarch64-redhat-linux/10/../../../../lib64 -L/usr/bin/../lib64 -L/lib/../lib64 -L/usr/lib/../lib64 -L/usr/lib/gcc/aarch64-redhat-linux/10/../../.. -L/usr/bin/../lib -L/lib -L/usr/lib CMakeFiles/cmTC_190cb.dir/CMakeCCompilerABI.c.o -lgcc --as-needed -lgcc_s --no-as-needed -lc -lgcc --as-needed -lgcc_s --no-as-needed /usr/lib/gcc/aarch64-redhat-linux/10/crtend.o /usr/lib/gcc/aarch64-redhat-linux/10/../../../../lib64/crtn.o
gmake[1]: Leaving directory '/home/marvin/hello/C/SAP/build-Desktop-Desktop-Debug/CMakeFiles/CMakeTmp'



Parsed C implicit include dir info from above output: rv=done
  found start of include info
  found start of implicit include info
    add: [/usr/local/include]
    add: [/usr/lib64/clang/11.0.0/include]
    add: [/usr/include]
  end of search list found
  collapse include dir [/usr/local/include] ==> [/usr/local/include]
  collapse include dir [/usr/lib64/clang/11.0.0/include] ==> [/usr/lib64/clang/11.0.0/include]
  collapse include dir [/usr/include] ==> [/usr/include]
  implicit include dirs: [/usr/local/include;/usr/lib64/clang/11.0.0/include;/usr/include]


Parsed C implicit link information from above output:
  link line regex: [^( *|.*[/\])(ld|CMAKE_LINK_STARTFILE-NOTFOUND|([^/\]+-)?ld|collect2)[^/\]*( |$)]
  ignore line: [Change Dir: /home/marvin/hello/C/SAP/build-Desktop-Desktop-Debug/CMakeFiles/CMakeTmp]
  ignore line: []
  ignore line: [Run Build Command(s):/usr/bin/gmake cmTC_190cb/fast && /usr/bin/gmake  -f CMakeFiles/cmTC_190cb.dir/build.make CMakeFiles/cmTC_190cb.dir/build]
  ignore line: [gmake[1]: Entering directory '/home/marvin/hello/C/SAP/build-Desktop-Desktop-Debug/CMakeFiles/CMakeTmp']
  ignore line: [Building C object CMakeFiles/cmTC_190cb.dir/CMakeCCompilerABI.c.o]
  ignore line: [/bin/clang   -v -o CMakeFiles/cmTC_190cb.dir/CMakeCCompilerABI.c.o -c /usr/share/cmake/Modules/CMakeCCompilerABI.c]
  ignore line: [clang version 11.0.0 (Fedora 11.0.0-3.fc33)]
  ignore line: [Target: aarch64-unknown-linux-gnu]
  ignore line: [Thread model: posix]
  ignore line: [InstalledDir: /bin]
  ignore line: [Found candidate GCC installation: /bin/../lib/gcc/aarch64-redhat-linux/10]
  ignore line: [Found candidate GCC installation: /usr/lib/gcc/aarch64-redhat-linux/10]
  ignore line: [Selected GCC installation: /usr/lib/gcc/aarch64-redhat-linux/10]
  ignore line: [Candidate multilib: .]
  ignore line: [@m64]
  ignore line: [Selected multilib: .]
  ignore line: [@m64]
  ignore line: [ (in-process)]
  ignore line: [ "/usr/bin/clang-11" -cc1 -triple aarch64-unknown-linux-gnu -emit-obj -mrelax-all -disable-free -disable-llvm-verifier -discard-value-names -main-file-name CMakeCCompilerABI.c -mrelocation-model static -mframe-pointer=non-leaf -fmath-errno -fno-rounding-math -mconstructor-aliases -munwind-tables -target-cpu generic -target-feature +neon -target-abi aapcs -fallow-half-arguments-and-returns -fno-split-dwarf-inlining -debugger-tuning=gdb -v -resource-dir /usr/lib64/clang/11.0.0 -internal-isystem /usr/local/include -internal-isystem /usr/lib64/clang/11.0.0/include -internal-externc-isystem /include -internal-externc-isystem /usr/include -fdebug-compilation-dir /home/marvin/hello/C/SAP/build-Desktop-Desktop-Debug/CMakeFiles/CMakeTmp -ferror-limit 19 -fno-signed-char -fgnuc-version=4.2.1 -faddrsig -o CMakeFiles/cmTC_190cb.dir/CMakeCCompilerABI.c.o -x c /usr/share/cmake/Modules/CMakeCCompilerABI.c]
  ignore line: [clang -cc1 version 11.0.0 based upon LLVM 11.0.0 default target aarch64-unknown-linux-gnu]
  ignore line: [ignoring nonexistent directory "/include"]
  ignore line: [#include "..." search starts here:]
  ignore line: [#include <...> search starts here:]
  ignore line: [ /usr/local/include]
  ignore line: [ /usr/lib64/clang/11.0.0/include]
  ignore line: [ /usr/include]
  ignore line: [End of search list.]
  ignore line: [Linking C executable cmTC_190cb]
  ignore line: [/usr/bin/cmake -E cmake_link_script CMakeFiles/cmTC_190cb.dir/link.txt --verbose=1]
  ignore line: [/bin/clang  -v CMakeFiles/cmTC_190cb.dir/CMakeCCompilerABI.c.o -o cmTC_190cb ]
  ignore line: [clang version 11.0.0 (Fedora 11.0.0-3.fc33)]
  ignore line: [Target: aarch64-unknown-linux-gnu]
  ignore line: [Thread model: posix]
  ignore line: [InstalledDir: /bin]
  ignore line: [Found candidate GCC installation: /bin/../lib/gcc/aarch64-redhat-linux/10]
  ignore line: [Found candidate GCC installation: /usr/lib/gcc/aarch64-redhat-linux/10]
  ignore line: [Selected GCC installation: /usr/lib/gcc/aarch64-redhat-linux/10]
  ignore line: [Candidate multilib: .]
  ignore line: [@m64]
  ignore line: [Selected multilib: .]
  ignore line: [@m64]
  link line: [ "/bin/ld" -EL --hash-style=gnu --build-id --eh-frame-hdr -m aarch64linux -dynamic-linker /lib/ld-linux-aarch64.so.1 -o cmTC_190cb /usr/lib/gcc/aarch64-redhat-linux/10/../../../../lib64/crt1.o /usr/lib/gcc/aarch64-redhat-linux/10/../../../../lib64/crti.o /usr/lib/gcc/aarch64-redhat-linux/10/crtbegin.o -L/usr/lib/gcc/aarch64-redhat-linux/10 -L/usr/lib/gcc/aarch64-redhat-linux/10/../../../../lib64 -L/usr/bin/../lib64 -L/lib/../lib64 -L/usr/lib/../lib64 -L/usr/lib/gcc/aarch64-redhat-linux/10/../../.. -L/usr/bin/../lib -L/lib -L/usr/lib CMakeFiles/cmTC_190cb.dir/CMakeCCompilerABI.c.o -lgcc --as-needed -lgcc_s --no-as-needed -lc -lgcc --as-needed -lgcc_s --no-as-needed /usr/lib/gcc/aarch64-redhat-linux/10/crtend.o /usr/lib/gcc/aarch64-redhat-linux/10/../../../../lib64/crtn.o]
    arg [/bin/ld] ==> ignore
    arg [-EL] ==> ignore
    arg [--hash-style=gnu] ==> ignore
    arg [--build-id] ==> ignore
    arg [--eh-frame-hdr] ==> ignore
    arg [-m] ==> ignore
    arg [aarch64linux] ==> ignore
    arg [-dynamic-linker] ==> ignore
    arg [/lib/ld-linux-aarch64.so.1] ==> ignore
    arg [-o] ==> ignore
    arg [cmTC_190cb] ==> ignore
    arg [/usr/lib/gcc/aarch64-redhat-linux/10/../../../../lib64/crt1.o] ==> ignore
    arg [/usr/lib/gcc/aarch64-redhat-linux/10/../../../../lib64/crti.o] ==> ignore
    arg [/usr/lib/gcc/aarch64-redhat-linux/10/crtbegin.o] ==> ignore
    arg [-L/usr/lib/gcc/aarch64-redhat-linux/10] ==> dir [/usr/lib/gcc/aarch64-redhat-linux/10]
    arg [-L/usr/lib/gcc/aarch64-redhat-linux/10/../../../../lib64] ==> dir [/usr/lib/gcc/aarch64-redhat-linux/10/../../../../lib64]
    arg [-L/usr/bin/../lib64] ==> dir [/usr/bin/../lib64]
    arg [-L/lib/../lib64] ==> dir [/lib/../lib64]
    arg [-L/usr/lib/../lib64] ==> dir [/usr/lib/../lib64]
    arg [-L/usr/lib/gcc/aarch64-redhat-linux/10/../../..] ==> dir [/usr/lib/gcc/aarch64-redhat-linux/10/../../..]
    arg [-L/usr/bin/../lib] ==> dir [/usr/bin/../lib]
    arg [-L/lib] ==> dir [/lib]
    arg [-L/usr/lib] ==> dir [/usr/lib]
    arg [CMakeFiles/cmTC_190cb.dir/CMakeCCompilerABI.c.o] ==> ignore
    arg [-lgcc] ==> lib [gcc]
    arg [--as-needed] ==> ignore
    arg [-lgcc_s] ==> lib [gcc_s]
    arg [--no-as-needed] ==> ignore
    arg [-lc] ==> lib [c]
    arg [-lgcc] ==> lib [gcc]
    arg [--as-needed] ==> ignore
    arg [-lgcc_s] ==> lib [gcc_s]
    arg [--no-as-needed] ==> ignore
    arg [/usr/lib/gcc/aarch64-redhat-linux/10/crtend.o] ==> ignore
    arg [/usr/lib/gcc/aarch64-redhat-linux/10/../../../../lib64/crtn.o] ==> ignore
  collapse library dir [/usr/lib/gcc/aarch64-redhat-linux/10] ==> [/usr/lib/gcc/aarch64-redhat-linux/10]
  collapse library dir [/usr/lib/gcc/aarch64-redhat-linux/10/../../../../lib64] ==> [/usr/lib64]
  collapse library dir [/usr/bin/../lib64] ==> [/usr/lib64]
  collapse library dir [/lib/../lib64] ==> [/lib64]
  collapse library dir [/usr/lib/../lib64] ==> [/usr/lib64]
  collapse library dir [/usr/lib/gcc/aarch64-redhat-linux/10/../../..] ==> [/usr/lib]
  collapse library dir [/usr/bin/../lib] ==> [/usr/lib]
  collapse library dir [/lib] ==> [/lib]
  collapse library dir [/usr/lib] ==> [/usr/lib]
  implicit libs: [gcc;gcc_s;c;gcc;gcc_s]
  implicit dirs: [/usr/lib/gcc/aarch64-redhat-linux/10;/usr/lib64;/lib64;/usr/lib;/lib]
  implicit fwks: []


Detecting CXX compiler ABI info compiled with the following output:
Change Dir: /home/marvin/hello/C/SAP/build-Desktop-Desktop-Debug/CMakeFiles/CMakeTmp

Run Build Command(s):/usr/bin/gmake cmTC_94a5c/fast && /usr/bin/gmake  -f CMakeFiles/cmTC_94a5c.dir/build.make CMakeFiles/cmTC_94a5c.dir/build
gmake[1]: Entering directory '/home/marvin/hello/C/SAP/build-Desktop-Desktop-Debug/CMakeFiles/CMakeTmp'
Building CXX object CMakeFiles/cmTC_94a5c.dir/CMakeCXXCompilerABI.cpp.o
/bin/clang++   -v -o CMakeFiles/cmTC_94a5c.dir/CMakeCXXCompilerABI.cpp.o -c /usr/share/cmake/Modules/CMakeCXXCompilerABI.cpp
clang version 11.0.0 (Fedora 11.0.0-3.fc33)
Target: aarch64-unknown-linux-gnu
Thread model: posix
InstalledDir: /bin
Found candidate GCC installation: /bin/../lib/gcc/aarch64-redhat-linux/10
Found candidate GCC installation: /usr/lib/gcc/aarch64-redhat-linux/10
Selected GCC installation: /usr/lib/gcc/aarch64-redhat-linux/10
Candidate multilib: .;@m64
Selected multilib: .;@m64
 (in-process)
 "/usr/bin/clang-11" -cc1 -triple aarch64-unknown-linux-gnu -emit-obj -mrelax-all -disable-free -disable-llvm-verifier -discard-value-names -main-file-name CMakeCXXCompilerABI.cpp -mrelocation-model static -mframe-pointer=non-leaf -fmath-errno -fno-rounding-math -mconstructor-aliases -munwind-tables -target-cpu generic -target-feature +neon -target-abi aapcs -fallow-half-arguments-and-returns -fno-split-dwarf-inlining -debugger-tuning=gdb -v -resource-dir /usr/lib64/clang/11.0.0 -internal-isystem /usr/lib/gcc/aarch64-redhat-linux/10/../../../../include/c++/10 -internal-isystem /usr/lib/gcc/aarch64-redhat-linux/10/../../../../include/c++/10/aarch64-redhat-linux -internal-isystem /usr/lib/gcc/aarch64-redhat-linux/10/../../../../include/c++/10/backward -internal-isystem /usr/local/include -internal-isystem /usr/lib64/clang/11.0.0/include -internal-externc-isystem /include -internal-externc-isystem /usr/include -fdeprecated-macro -fdebug-compilation-dir /home/marvin/hello/C/SAP/build-Desktop-Desktop-Debug/CMakeFiles/CMakeTmp -ferror-limit 19 -fno-signed-char -fgnuc-version=4.2.1 -fcxx-exceptions -fexceptions -faddrsig -o CMakeFiles/cmTC_94a5c.dir/CMakeCXXCompilerABI.cpp.o -x c++ /usr/share/cmake/Modules/CMakeCXXCompilerABI.cpp
clang -cc1 version 11.0.0 based upon LLVM 11.0.0 default target aarch64-unknown-linux-gnu
ignoring nonexistent directory "/include"
#include "..." search starts here:
#include <...> search starts here:
 /usr/lib/gcc/aarch64-redhat-linux/10/../../../../include/c++/10
 /usr/lib/gcc/aarch64-redhat-linux/10/../../../../include/c++/10/aarch64-redhat-linux
 /usr/lib/gcc/aarch64-redhat-linux/10/../../../../include/c++/10/backward
 /usr/local/include
 /usr/lib64/clang/11.0.0/include
 /usr/include
End of search list.
Linking CXX executable cmTC_94a5c
/usr/bin/cmake -E cmake_link_script CMakeFiles/cmTC_94a5c.dir/link.txt --verbose=1
/bin/clang++  -v CMakeFiles/cmTC_94a5c.dir/CMakeCXXCompilerABI.cpp.o -o cmTC_94a5c 
clang version 11.0.0 (Fedora 11.0.0-3.fc33)
Target: aarch64-unknown-linux-gnu
Thread model: posix
InstalledDir: /bin
Found candidate GCC installation: /bin/../lib/gcc/aarch64-redhat-linux/10
Found candidate GCC installation: /usr/lib/gcc/aarch64-redhat-linux/10
Selected GCC installation: /usr/lib/gcc/aarch64-redhat-linux/10
Candidate multilib: .;@m64
Selected multilib: .;@m64
 "/bin/ld" -EL --hash-style=gnu --build-id --eh-frame-hdr -m aarch64linux -dynamic-linker /lib/ld-linux-aarch64.so.1 -o cmTC_94a5c /usr/lib/gcc/aarch64-redhat-linux/10/../../../../lib64/crt1.o /usr/lib/gcc/aarch64-redhat-linux/10/../../../../lib64/crti.o /usr/lib/gcc/aarch64-redhat-linux/10/crtbegin.o -L/usr/lib/gcc/aarch64-redhat-linux/10 -L/usr/lib/gcc/aarch64-redhat-linux/10/../../../../lib64 -L/usr/bin/../lib64 -L/lib/../lib64 -L/usr/lib/../lib64 -L/usr/lib/gcc/aarch64-redhat-linux/10/../../.. -L/usr/bin/../lib -L/lib -L/usr/lib CMakeFiles/cmTC_94a5c.dir/CMakeCXXCompilerABI.cpp.o -lstdc++ -lm -lgcc_s -lgcc -lc -lgcc_s -lgcc /usr/lib/gcc/aarch64-redhat-linux/10/crtend.o /usr/lib/gcc/aarch64-redhat-linux/10/../../../../lib64/crtn.o
gmake[1]: Leaving directory '/home/marvin/hello/C/SAP/build-Desktop-Desktop-Debug/CMakeFiles/CMakeTmp'



Parsed CXX implicit include dir info from above output: rv=done
  found start of include info
  found start of implicit include info
    add: [/usr/lib/gcc/aarch64-redhat-linux/10/../../../../include/c++/10]
    add: [/usr/lib/gcc/aarch64-redhat-linux/10/../../../../include/c++/10/aarch64-redhat-linux]
    add: [/usr/lib/gcc/aarch64-redhat-linux/10/../../../../include/c++/10/backward]
    add: [/usr/local/include]
    add: [/usr/lib64/clang/11.0.0/include]
    add: [/usr/include]
  end of search list found
  collapse include dir [/usr/lib/gcc/aarch64-redhat-linux/10/../../../../include/c++/10] ==> [/usr/include/c++/10]
  collapse include dir [/usr/lib/gcc/aarch64-redhat-linux/10/../../../../include/c++/10/aarch64-redhat-linux] ==> [/usr/include/c++/10/aarch64-redhat-linux]
  collapse include dir [/usr/lib/gcc/aarch64-redhat-linux/10/../../../../include/c++/10/backward] ==> [/usr/include/c++/10/backward]
  collapse include dir [/usr/local/include] ==> [/usr/local/include]
  collapse include dir [/usr/lib64/clang/11.0.0/include] ==> [/usr/lib64/clang/11.0.0/include]
  collapse include dir [/usr/include] ==> [/usr/include]
  implicit include dirs: [/usr/include/c++/10;/usr/include/c++/10/aarch64-redhat-linux;/usr/include/c++/10/backward;/usr/local/include;/usr/lib64/clang/11.0.0/include;/usr/include]


Parsed CXX implicit link information from above output:
  link line regex: [^( *|.*[/\])(ld|CMAKE_LINK_STARTFILE-NOTFOUND|([^/\]+-)?ld|collect2)[^/\]*( |$)]
  ignore line: [Change Dir: /home/marvin/hello/C/SAP/build-Desktop-Desktop-Debug/CMakeFiles/CMakeTmp]
  ignore line: []
  ignore line: [Run Build Command(s):/usr/bin/gmake cmTC_94a5c/fast && /usr/bin/gmake  -f CMakeFiles/cmTC_94a5c.dir/build.make CMakeFiles/cmTC_94a5c.dir/build]
  ignore line: [gmake[1]: Entering directory '/home/marvin/hello/C/SAP/build-Desktop-Desktop-Debug/CMakeFiles/CMakeTmp']
  ignore line: [Building CXX object CMakeFiles/cmTC_94a5c.dir/CMakeCXXCompilerABI.cpp.o]
  ignore line: [/bin/clang++   -v -o CMakeFiles/cmTC_94a5c.dir/CMakeCXXCompilerABI.cpp.o -c /usr/share/cmake/Modules/CMakeCXXCompilerABI.cpp]
  ignore line: [clang version 11.0.0 (Fedora 11.0.0-3.fc33)]
  ignore line: [Target: aarch64-unknown-linux-gnu]
  ignore line: [Thread model: posix]
  ignore line: [InstalledDir: /bin]
  ignore line: [Found candidate GCC installation: /bin/../lib/gcc/aarch64-redhat-linux/10]
  ignore line: [Found candidate GCC installation: /usr/lib/gcc/aarch64-redhat-linux/10]
  ignore line: [Selected GCC installation: /usr/lib/gcc/aarch64-redhat-linux/10]
  ignore line: [Candidate multilib: .]
  ignore line: [@m64]
  ignore line: [Selected multilib: .]
  ignore line: [@m64]
  ignore line: [ (in-process)]
  ignore line: [ "/usr/bin/clang-11" -cc1 -triple aarch64-unknown-linux-gnu -emit-obj -mrelax-all -disable-free -disable-llvm-verifier -discard-value-names -main-file-name CMakeCXXCompilerABI.cpp -mrelocation-model static -mframe-pointer=non-leaf -fmath-errno -fno-rounding-math -mconstructor-aliases -munwind-tables -target-cpu generic -target-feature +neon -target-abi aapcs -fallow-half-arguments-and-returns -fno-split-dwarf-inlining -debugger-tuning=gdb -v -resource-dir /usr/lib64/clang/11.0.0 -internal-isystem /usr/lib/gcc/aarch64-redhat-linux/10/../../../../include/c++/10 -internal-isystem /usr/lib/gcc/aarch64-redhat-linux/10/../../../../include/c++/10/aarch64-redhat-linux -internal-isystem /usr/lib/gcc/aarch64-redhat-linux/10/../../../../include/c++/10/backward -internal-isystem /usr/local/include -internal-isystem /usr/lib64/clang/11.0.0/include -internal-externc-isystem /include -internal-externc-isystem /usr/include -fdeprecated-macro -fdebug-compilation-dir /home/marvin/hello/C/SAP/build-Desktop-Desktop-Debug/CMakeFiles/CMakeTmp -ferror-limit 19 -fno-signed-char -fgnuc-version=4.2.1 -fcxx-exceptions -fexceptions -faddrsig -o CMakeFiles/cmTC_94a5c.dir/CMakeCXXCompilerABI.cpp.o -x c++ /usr/share/cmake/Modules/CMakeCXXCompilerABI.cpp]
  ignore line: [clang -cc1 version 11.0.0 based upon LLVM 11.0.0 default target aarch64-unknown-linux-gnu]
  ignore line: [ignoring nonexistent directory "/include"]
  ignore line: [#include "..." search starts here:]
  ignore line: [#include <...> search starts here:]
  ignore line: [ /usr/lib/gcc/aarch64-redhat-linux/10/../../../../include/c++/10]
  ignore line: [ /usr/lib/gcc/aarch64-redhat-linux/10/../../../../include/c++/10/aarch64-redhat-linux]
  ignore line: [ /usr/lib/gcc/aarch64-redhat-linux/10/../../../../include/c++/10/backward]
  ignore line: [ /usr/local/include]
  ignore line: [ /usr/lib64/clang/11.0.0/include]
  ignore line: [ /usr/include]
  ignore line: [End of search list.]
  ignore line: [Linking CXX executable cmTC_94a5c]
  ignore line: [/usr/bin/cmake -E cmake_link_script CMakeFiles/cmTC_94a5c.dir/link.txt --verbose=1]
  ignore line: [/bin/clang++  -v CMakeFiles/cmTC_94a5c.dir/CMakeCXXCompilerABI.cpp.o -o cmTC_94a5c ]
  ignore line: [clang version 11.0.0 (Fedora 11.0.0-3.fc33)]
  ignore line: [Target: aarch64-unknown-linux-gnu]
  ignore line: [Thread model: posix]
  ignore line: [InstalledDir: /bin]
  ignore line: [Found candidate GCC installation: /bin/../lib/gcc/aarch64-redhat-linux/10]
  ignore line: [Found candidate GCC installation: /usr/lib/gcc/aarch64-redhat-linux/10]
  ignore line: [Selected GCC installation: /usr/lib/gcc/aarch64-redhat-linux/10]
  ignore line: [Candidate multilib: .]
  ignore line: [@m64]
  ignore line: [Selected multilib: .]
  ignore line: [@m64]
  link line: [ "/bin/ld" -EL --hash-style=gnu --build-id --eh-frame-hdr -m aarch64linux -dynamic-linker /lib/ld-linux-aarch64.so.1 -o cmTC_94a5c /usr/lib/gcc/aarch64-redhat-linux/10/../../../../lib64/crt1.o /usr/lib/gcc/aarch64-redhat-linux/10/../../../../lib64/crti.o /usr/lib/gcc/aarch64-redhat-linux/10/crtbegin.o -L/usr/lib/gcc/aarch64-redhat-linux/10 -L/usr/lib/gcc/aarch64-redhat-linux/10/../../../../lib64 -L/usr/bin/../lib64 -L/lib/../lib64 -L/usr/lib/../lib64 -L/usr/lib/gcc/aarch64-redhat-linux/10/../../.. -L/usr/bin/../lib -L/lib -L/usr/lib CMakeFiles/cmTC_94a5c.dir/CMakeCXXCompilerABI.cpp.o -lstdc++ -lm -lgcc_s -lgcc -lc -lgcc_s -lgcc /usr/lib/gcc/aarch64-redhat-linux/10/crtend.o /usr/lib/gcc/aarch64-redhat-linux/10/../../../../lib64/crtn.o]
    arg [/bin/ld] ==> ignore
    arg [-EL] ==> ignore
    arg [--hash-style=gnu] ==> ignore
    arg [--build-id] ==> ignore
    arg [--eh-frame-hdr] ==> ignore
    arg [-m] ==> ignore
    arg [aarch64linux] ==> ignore
    arg [-dynamic-linker] ==> ignore
    arg [/lib/ld-linux-aarch64.so.1] ==> ignore
    arg [-o] ==> ignore
    arg [cmTC_94a5c] ==> ignore
    arg [/usr/lib/gcc/aarch64-redhat-linux/10/../../../../lib64/crt1.o] ==> ignore
    arg [/usr/lib/gcc/aarch64-redhat-linux/10/../../../../lib64/crti.o] ==> ignore
    arg [/usr/lib/gcc/aarch64-redhat-linux/10/crtbegin.o] ==> ignore
    arg [-L/usr/lib/gcc/aarch64-redhat-linux/10] ==> dir [/usr/lib/gcc/aarch64-redhat-linux/10]
    arg [-L/usr/lib/gcc/aarch64-redhat-linux/10/../../../../lib64] ==> dir [/usr/lib/gcc/aarch64-redhat-linux/10/../../../../lib64]
    arg [-L/usr/bin/../lib64] ==> dir [/usr/bin/../lib64]
    arg [-L/lib/../lib64] ==> dir [/lib/../lib64]
    arg [-L/usr/lib/../lib64] ==> dir [/usr/lib/../lib64]
    arg [-L/usr/lib/gcc/aarch64-redhat-linux/10/../../..] ==> dir [/usr/lib/gcc/aarch64-redhat-linux/10/../../..]
    arg [-L/usr/bin/../lib] ==> dir [/usr/bin/../lib]
    arg [-L/lib] ==> dir [/lib]
    arg [-L/usr/lib] ==> dir [/usr/lib]
    arg [CMakeFiles/cmTC_94a5c.dir/CMakeCXXCompilerABI.cpp.o] ==> ignore
    arg [-lstdc++] ==> lib [stdc++]
    arg [-lm] ==> lib [m]
    arg [-lgcc_s] ==> lib [gcc_s]
    arg [-lgcc] ==> lib [gcc]
    arg [-lc] ==> lib [c]
    arg [-lgcc_s] ==> lib [gcc_s]
    arg [-lgcc] ==> lib [gcc]
    arg [/usr/lib/gcc/aarch64-redhat-linux/10/crtend.o] ==> ignore
    arg [/usr/lib/gcc/aarch64-redhat-linux/10/../../../../lib64/crtn.o] ==> ignore
  collapse library dir [/usr/lib/gcc/aarch64-redhat-linux/10] ==> [/usr/lib/gcc/aarch64-redhat-linux/10]
  collapse library dir [/usr/lib/gcc/aarch64-redhat-linux/10/../../../../lib64] ==> [/usr/lib64]
  collapse library dir [/usr/bin/../lib64] ==> [/usr/lib64]
  collapse library dir [/lib/../lib64] ==> [/lib64]
  collapse library dir [/usr/lib/../lib64] ==> [/usr/lib64]
  collapse library dir [/usr/lib/gcc/aarch64-redhat-linux/10/../../..] ==> [/usr/lib]
  collapse library dir [/usr/bin/../lib] ==> [/usr/lib]
  collapse library dir [/lib] ==> [/lib]
  collapse library dir [/usr/lib] ==> [/usr/lib]
  implicit libs: [stdc++;m;gcc_s;gcc;c;gcc_s;gcc]
  implicit dirs: [/usr/lib/gcc/aarch64-redhat-linux/10;/usr/lib64;/lib64;/usr/lib;/lib]
  implicit fwks: []


